<?xml version="1.0" encoding="UTF-8"?>
<!-- Generated by org.testng.reporters.JUnitReportReporter -->
<testsuite skipped="0" hostname="DESKTOP-45J4RD0" name="windowschanging.testingt" tests="1" failures="0" timestamp="2022-03-31T08:30:52 IST" time="14.380" errors="0">
  <testcase name="Bt" time="14.380" classname="windowschanging.testingt"/>
  <system-out/>
</testsuite> <!-- windowschanging.testingt -->
