<?xml version="1.0" encoding="UTF-8"?>
<!-- Generated by org.testng.reporters.JUnitReportReporter -->
<testsuite skipped="0" hostname="DESKTOP-45J4RD0" name="rupeek.com.CustomFrameWork.tests.homepage6" tests="1" failures="0" timestamp="2022-07-18T10:49:07 IST" time="3.176" errors="0">
  <testcase name="T_01" time="3.176" classname="rupeek.com.CustomFrameWork.tests.homepage6"/>
  <system-out/>
</testsuite> <!-- rupeek.com.CustomFrameWork.tests.homepage6 -->
