<?xml version="1.0" encoding="UTF-8"?>
<!-- Generated by org.testng.reporters.JUnitReportReporter -->
<testsuite skipped="0" hostname="DESKTOP-45J4RD0" name="rupeek.com.CustomFrameWork.tests.TestHomePage" tests="1" failures="0" timestamp="2022-07-13T13:52:05 IST" time="0.011" errors="0">
  <testcase name="test1" time="0.011" classname="rupeek.com.CustomFrameWork.tests.TestHomePage"/>
  <system-out/>
</testsuite> <!-- rupeek.com.CustomFrameWork.tests.TestHomePage -->
