<?xml version="1.0" encoding="UTF-8"?>
<!-- Generated by org.testng.reporters.JUnitReportReporter -->
<testsuite skipped="0" hostname="DESKTOP-45J4RD0" name="rupeek.com.CustomFrameWork.tests.HomePage1" tests="1" failures="0" timestamp="2022-07-18T13:38:36 IST" time="75.915" errors="0">
  <testcase name="tt" time="75.915" classname="rupeek.com.CustomFrameWork.tests.HomePage1"/>
  <system-out/>
</testsuite> <!-- rupeek.com.CustomFrameWork.tests.HomePage1 -->
