<?xml version="1.0" encoding="UTF-8"?>
<!-- Generated by org.testng.reporters.JUnitReportReporter -->
<testsuite skipped="0" hostname="DESKTOP-45J4RD0" name="org.rupeek.test.TC002_homepage" tests="1" failures="0" timestamp="2022-07-21T12:22:39 IST" time="11.684" errors="0">
  <testcase name="syl" time="11.684" classname="org.rupeek.test.TC002_homepage"/>
  <system-out/>
</testsuite> <!-- org.rupeek.test.TC002_homepage -->
