<?xml version="1.0" encoding="UTF-8"?>
<!-- Generated by org.testng.reporters.JUnitReportReporter -->
<testsuite skipped="0" hostname="DESKTOP-45J4RD0" name="org.rupeek.test.TC001_homepage" tests="3" failures="0" timestamp="2022-08-22T12:35:52 IST" time="41.322" errors="0">
  <testcase name="hpTest" time="11.636" classname="org.rupeek.test.TC001_homepage"/>
  <system-out>
    <![CDATA[it is clickable]]>
  </system-out>
  <testcase name="hp1test" time="10.132" classname="org.rupeek.test.TC001_homepage"/>
  <system-out/>
  <testcase name="hp2test" time="19.554" classname="org.rupeek.test.TC001_homepage"/>
  <system-out/>
</testsuite> <!-- org.rupeek.test.TC001_homepage -->
