<?xml version="1.0" encoding="UTF-8"?>
<!-- Generated by org.testng.reporters.JUnitReportReporter -->
<testsuite skipped="0" hostname="DESKTOP-45J4RD0" name="javaprojects.scroll_test" tests="1" failures="0" timestamp="2022-04-16T14:20:20 IST" time="7.655" errors="0">
  <testcase name="tt" time="7.655" classname="javaprojects.scroll_test"/>
  <system-out/>
</testsuite> <!-- javaprojects.scroll_test -->
