<?xml version="1.0" encoding="UTF-8"?>
<!-- Generated by org.testng.reporters.JUnitReportReporter -->
<testsuite skipped="0" hostname="DESKTOP-45J4RD0" name="javaprojects.dragdrp_test" tests="1" failures="0" timestamp="2022-04-16T13:21:29 IST" time="7.388" errors="0">
  <testcase name="Tt" time="7.388" classname="javaprojects.dragdrp_test"/>
  <system-out/>
</testsuite> <!-- javaprojects.dragdrp_test -->
