<?xml version="1.0" encoding="UTF-8"?>
<!-- Generated by org.testng.reporters.JUnitReportReporter -->
<testsuite skipped="1" hostname="DESKTOP-45J4RD0" name="hybrid_testing.demo1" tests="2" failures="0" timestamp="2022-04-25T14:22:40 IST" time="92.720" errors="0">
  <testcase name="TT" time="92.720" classname="hybrid_testing.demo1"/>
  <system-out/>
  <testcase name="BT" classname="hybrid_testing.demo1">
    <skipped/>
  </testcase> <!-- BT -->
  <system-out/>
</testsuite> <!-- hybrid_testing.demo1 -->
