<?xml version="1.0" encoding="UTF-8"?>
<!-- Generated by org.testng.reporters.JUnitReportReporter -->
<testsuite skipped="0" hostname="DESKTOP-45J4RD0" name="seleium.dd2" tests="1" failures="0" timestamp="18 Aug 2022 12:07:11 GMT" time="12.164" errors="0">
  <testcase name="test" time="12.164" classname="seleium.dd2"/>
</testsuite> <!-- seleium.dd2 -->
