<?xml version="1.0" encoding="UTF-8"?>
<!-- Generated by org.testng.reporters.JUnitReportReporter -->
<testsuite skipped="0" hostname="DESKTOP-45J4RD0" name="orangeTestCases.TC001_Login" tests="1" failures="0" timestamp="2022-08-24T12:13:24 IST" time="18.913" errors="0">
  <testcase name="hpTest" time="18.913" classname="orangeTestCases.TC001_Login"/>
  <system-out/>
</testsuite> <!-- orangeTestCases.TC001_Login -->
