<?xml version="1.0" encoding="UTF-8"?>
<!-- Generated by org.testng.reporters.JUnitReportReporter -->
<testsuite skipped="0" hostname="DESKTOP-45J4RD0" name="mavenproj.testw" tests="1" failures="0" timestamp="30 Mar 2022 13:09:39 GMT" time="12.436" errors="0">
  <testcase name="Bt" time="12.436" classname="mavenproj.testw"/>
</testsuite> <!-- mavenproj.testw -->
